2025-04-03T13:18:12.402+07:00  INFO 11808 --- [Appbanhang] [main] C.c.vn.Appbanhang.AppbanhangApplication  : Starting AppbanhangApplication using Java 21.0.5 with PID 11808 (E:\DO_AN_PROJECT\PROJECT_WEBCAMERA24H\Springboot\Appbanhang\target\classes started by TRAN HUU PHUC in E:\DO_AN_PROJECT\PROJECT_WEBCAMERA24H\Springboot\Appbanhang)
2025-04-03T13:18:12.450+07:00  INFO 11808 --- [Appbanhang] [main] C.c.vn.Appbanhang.AppbanhangApplication  : No active profile set, falling back to 1 default profile: "default"
2025-04-03T13:18:23.133+07:00  INFO 11808 --- [Appbanhang] [main] .s.d.r.c.RepositoryConfigurationDelegate : Bootstrapping Spring Data JPA repositories in DEFAULT mode.
2025-04-03T13:18:23.386+07:00  INFO 11808 --- [Appbanhang] [main] .s.d.r.c.RepositoryConfigurationDelegate : Finished Spring Data repository scanning in 222 ms. Found 8 JPA repository interfaces.
2025-04-03T13:18:25.261+07:00  INFO 11808 --- [Appbanhang] [main] o.s.b.w.embedded.tomcat.TomcatWebServer  : Tomcat initialized with port 8080 (http)
2025-04-03T13:18:25.368+07:00  INFO 11808 --- [Appbanhang] [main] o.apache.catalina.core.StandardService   : Starting service [Tomcat]
2025-04-03T13:18:25.369+07:00  INFO 11808 --- [Appbanhang] [main] o.apache.catalina.core.StandardEngine    : Starting Servlet engine: [Apache Tomcat/10.1.31]
2025-04-03T13:18:26.017+07:00  INFO 11808 --- [Appbanhang] [main] o.a.c.c.C.[Tomcat].[localhost].[/]       : Initializing Spring embedded WebApplicationContext
2025-04-03T13:18:26.018+07:00  INFO 11808 --- [Appbanhang] [main] w.s.c.ServletWebServerApplicationContext : Root WebApplicationContext: initialization completed in 13448 ms
2025-04-03T13:18:26.502+07:00  INFO 11808 --- [Appbanhang] [main] com.zaxxer.hikari.HikariDataSource       : HikariPool-1 - Starting...
2025-04-03T13:19:02.779+07:00  INFO 11808 --- [Appbanhang] [main] o.hibernate.jpa.internal.util.LogHelper  : HHH000204: Processing PersistenceUnitInfo [name: default]
2025-04-03T13:19:02.914+07:00  INFO 11808 --- [Appbanhang] [main] org.hibernate.Version                    : HHH000412: Hibernate ORM core version 6.5.3.Final
2025-04-03T13:19:02.993+07:00  INFO 11808 --- [Appbanhang] [main] o.h.c.internal.RegionFactoryInitiator    : HHH000026: Second-level cache disabled
2025-04-03T13:19:03.851+07:00  INFO 11808 --- [Appbanhang] [main] o.s.o.j.p.SpringPersistenceUnitInfo      : No LoadTimeWeaver setup: ignoring JPA class transformer
2025-04-03T13:19:03.926+07:00  INFO 11808 --- [Appbanhang] [main] com.zaxxer.hikari.HikariDataSource       : HikariPool-1 - Starting...
2025-04-03T13:19:20.536+07:00  INFO 11808 --- [Appbanhang] [main] com.zaxxer.hikari.pool.HikariPool        : HikariPool-1 - Added connection com.mysql.cj.jdbc.ConnectionImpl@1b25d695
2025-04-03T13:19:20.539+07:00  INFO 11808 --- [Appbanhang] [main] com.zaxxer.hikari.HikariDataSource       : HikariPool-1 - Start completed.
2025-04-03T13:19:33.157+07:00  INFO 11808 --- [Appbanhang] [main] o.h.e.t.j.p.i.JtaPlatformInitiator       : HHH000489: No JTA platform available (set 'hibernate.transaction.jta.platform' to enable JTA platform integration)
2025-04-03T13:19:33.181+07:00  INFO 11808 --- [Appbanhang] [main] j.LocalContainerEntityManagerFactoryBean : Initialized JPA EntityManagerFactory for persistence unit 'default'
2025-04-03T13:19:35.259+07:00  INFO 11808 --- [Appbanhang] [main] o.s.d.j.r.query.QueryEnhancerFactory     : Hibernate is in classpath; If applicable, HQL parser will be used.
2025-04-03T13:19:37.195+07:00  WARN 11808 --- [Appbanhang] [main] JpaBaseConfiguration$JpaWebConfiguration : spring.jpa.open-in-view is enabled by default. Therefore, database queries may be performed during view rendering. Explicitly configure spring.jpa.open-in-view to disable this warning
2025-04-03T13:19:39.300+07:00  INFO 11808 --- [Appbanhang] [main] o.s.b.w.embedded.tomcat.TomcatWebServer  : Tomcat started on port 8080 (http) with context path '/'
2025-04-03T13:19:39.325+07:00  INFO 11808 --- [Appbanhang] [main] C.c.vn.Appbanhang.AppbanhangApplication  : Started AppbanhangApplication in 88.161 seconds (process running for 100.607)
2025-04-03T13:19:39.349+07:00  INFO 11808 --- [Appbanhang] [SpringApplicationShutdownHook] j.LocalContainerEntityManagerFactoryBean : Closing JPA EntityManagerFactory for persistence unit 'default'
2025-04-03T13:19:39.354+07:00  INFO 11808 --- [Appbanhang] [SpringApplicationShutdownHook] com.zaxxer.hikari.HikariDataSource       : HikariPool-1 - Shutdown initiated...
2025-04-03T13:19:39.379+07:00  INFO 11808 --- [Appbanhang] [SpringApplicationShutdownHook] com.zaxxer.hikari.HikariDataSource       : HikariPool-1 - Shutdown completed.
2025-04-03T13:41:53.719+07:00  INFO 1812 --- [Appbanhang] [main] C.c.vn.Appbanhang.AppbanhangApplication  : Starting AppbanhangApplication using Java 21.0.5 with PID 1812 (E:\DO_AN_PROJECT\PROJECT_WEBCAMERA24H\Springboot\Appbanhang\target\classes started by TRAN HUU PHUC in E:\DO_AN_PROJECT\PROJECT_WEBCAMERA24H\Springboot\Appbanhang)
2025-04-03T13:41:53.750+07:00  INFO 1812 --- [Appbanhang] [main] C.c.vn.Appbanhang.AppbanhangApplication  : No active profile set, falling back to 1 default profile: "default"
2025-04-03T13:41:57.629+07:00  INFO 1812 --- [Appbanhang] [main] .s.d.r.c.RepositoryConfigurationDelegate : Bootstrapping Spring Data JPA repositories in DEFAULT mode.
2025-04-03T13:41:57.825+07:00  INFO 1812 --- [Appbanhang] [main] .s.d.r.c.RepositoryConfigurationDelegate : Finished Spring Data repository scanning in 176 ms. Found 8 JPA repository interfaces.
2025-04-03T13:41:59.240+07:00  INFO 1812 --- [Appbanhang] [main] o.s.b.w.embedded.tomcat.TomcatWebServer  : Tomcat initialized with port 8080 (http)
2025-04-03T13:41:59.305+07:00  INFO 1812 --- [Appbanhang] [main] o.apache.catalina.core.StandardService   : Starting service [Tomcat]
2025-04-03T13:41:59.306+07:00  INFO 1812 --- [Appbanhang] [main] o.apache.catalina.core.StandardEngine    : Starting Servlet engine: [Apache Tomcat/10.1.31]
2025-04-03T13:41:59.558+07:00  INFO 1812 --- [Appbanhang] [main] o.a.c.c.C.[Tomcat].[localhost].[/]       : Initializing Spring embedded WebApplicationContext
2025-04-03T13:41:59.559+07:00  INFO 1812 --- [Appbanhang] [main] w.s.c.ServletWebServerApplicationContext : Root WebApplicationContext: initialization completed in 5510 ms
2025-04-03T13:41:59.824+07:00  INFO 1812 --- [Appbanhang] [main] com.zaxxer.hikari.HikariDataSource       : HikariPool-1 - Starting...
2025-04-03T13:42:00.957+07:00  INFO 1812 --- [Appbanhang] [main] com.zaxxer.hikari.pool.HikariPool        : HikariPool-1 - Added connection com.mysql.cj.jdbc.ConnectionImpl@19fbc594
2025-04-03T13:42:00.961+07:00  INFO 1812 --- [Appbanhang] [main] com.zaxxer.hikari.HikariDataSource       : HikariPool-1 - Start completed.
2025-04-03T13:42:01.095+07:00  INFO 1812 --- [Appbanhang] [main] o.hibernate.jpa.internal.util.LogHelper  : HHH000204: Processing PersistenceUnitInfo [name: default]
2025-04-03T13:42:01.265+07:00  INFO 1812 --- [Appbanhang] [main] org.hibernate.Version                    : HHH000412: Hibernate ORM core version 6.5.3.Final
2025-04-03T13:42:01.350+07:00  INFO 1812 --- [Appbanhang] [main] o.h.c.internal.RegionFactoryInitiator    : HHH000026: Second-level cache disabled
2025-04-03T13:42:02.105+07:00  INFO 1812 --- [Appbanhang] [main] o.s.o.j.p.SpringPersistenceUnitInfo      : No LoadTimeWeaver setup: ignoring JPA class transformer
2025-04-03T13:42:05.680+07:00  INFO 1812 --- [Appbanhang] [main] o.h.e.t.j.p.i.JtaPlatformInitiator       : HHH000489: No JTA platform available (set 'hibernate.transaction.jta.platform' to enable JTA platform integration)
2025-04-03T13:42:05.698+07:00  INFO 1812 --- [Appbanhang] [main] j.LocalContainerEntityManagerFactoryBean : Initialized JPA EntityManagerFactory for persistence unit 'default'
2025-04-03T13:42:07.159+07:00  INFO 1812 --- [Appbanhang] [main] o.s.d.j.r.query.QueryEnhancerFactory     : Hibernate is in classpath; If applicable, HQL parser will be used.
2025-04-03T13:42:08.625+07:00  WARN 1812 --- [Appbanhang] [main] JpaBaseConfiguration$JpaWebConfiguration : spring.jpa.open-in-view is enabled by default. Therefore, database queries may be performed during view rendering. Explicitly configure spring.jpa.open-in-view to disable this warning
2025-04-03T13:42:09.462+07:00  INFO 1812 --- [Appbanhang] [main] o.s.b.w.embedded.tomcat.TomcatWebServer  : Tomcat started on port 8080 (http) with context path '/'
2025-04-03T13:42:09.488+07:00  INFO 1812 --- [Appbanhang] [main] C.c.vn.Appbanhang.AppbanhangApplication  : Started AppbanhangApplication in 16.786 seconds (process running for 21.983)
2025-04-03T13:45:56.469+07:00  INFO 1812 --- [Appbanhang] [http-nio-8080-exec-1] o.a.c.c.C.[Tomcat].[localhost].[/]       : Initializing Spring DispatcherServlet 'dispatcherServlet'
2025-04-03T13:45:56.470+07:00  INFO 1812 --- [Appbanhang] [http-nio-8080-exec-1] o.s.web.servlet.DispatcherServlet        : Initializing Servlet 'dispatcherServlet'
2025-04-03T13:45:56.474+07:00  INFO 1812 --- [Appbanhang] [http-nio-8080-exec-1] o.s.web.servlet.DispatcherServlet        : Completed initialization in 2 ms
2025-04-03T14:10:14.323+07:00  INFO 1812 --- [Appbanhang] [SpringApplicationShutdownHook] j.LocalContainerEntityManagerFactoryBean : Closing JPA EntityManagerFactory for persistence unit 'default'
2025-04-03T14:10:14.417+07:00  INFO 1812 --- [Appbanhang] [SpringApplicationShutdownHook] com.zaxxer.hikari.HikariDataSource       : HikariPool-1 - Shutdown initiated...
2025-04-03T14:10:14.976+07:00  INFO 1812 --- [Appbanhang] [SpringApplicationShutdownHook] com.zaxxer.hikari.HikariDataSource       : HikariPool-1 - Shutdown completed.
